Sun 07 May 2023 11:28:17 PM UTC: 
 heap.c | 5 +++--
 1 file changed, 3 insertions(+), 2 deletions(-)
In file included from test.c:4:
heap.c: In function ‘createHeap’:
heap.c:37:9: error: unused variable ‘pq’ [-Werror=unused-variable]
   37 |   Heap* pq = (Heap*) malloc(sizeof(Heap));
      |         ^~
heap.c:39:1: error: control reaches end of non-void function [-Werror=return-type]
   39 | }
      | ^
cc1: all warnings being treated as errors
Compilation failed
8195711
Sun 07 May 2023 11:29:02 PM UTC: 
 heap.c | 4 ++--
 1 file changed, 2 insertions(+), 2 deletions(-)
In file included from test.c:4:
heap.c: In function ‘createHeap’:
heap.c:39:1: error: control reaches end of non-void function [-Werror=return-type]
   39 | }
      | ^
cc1: all warnings being treated as errors
Compilation failed
d7e7c0d
Sun 07 May 2023 11:29:11 PM UTC: 
 heap.c | 1 +
 1 file changed, 1 insertion(+)
 tests:  0|4
total_score: 0/70
21bc5af
Sun 07 May 2023 11:31:30 PM UTC: 
 heap.c | 9 ++++++---
 1 file changed, 6 insertions(+), 3 deletions(-)
 tests:  1|3
total_score: 10/70
3fd22af
Sun 07 May 2023 11:33:26 PM UTC: 
 heap.c | 11 +++++------
 1 file changed, 5 insertions(+), 6 deletions(-)
 tests:  1|3
total_score: 10/70
b7ba0de
Sun 07 May 2023 11:36:56 PM UTC: 
 heap.c | 6 +++++-
 1 file changed, 5 insertions(+), 1 deletion(-)
In file included from test.c:4:
heap.c: In function ‘heap_top’:
heap.c:26:1: error: control reaches end of non-void function [-Werror=return-type]
   26 | }
      | ^
cc1: all warnings being treated as errors
Compilation failed
3bb8e6a
Sun 07 May 2023 11:37:24 PM UTC: 
 heap.c | 1 +
 1 file changed, 1 insertion(+)
 tests:  1|3
total_score: 10/70
de9066f
Sun 07 May 2023 11:37:41 PM UTC: 
 heap.c | 1 +
 1 file changed, 1 insertion(+)
 tests:  2|2
total_score: 20/70
71ef01d
Sun 07 May 2023 11:38:59 PM UTC: 
 heap.c | 3 ++-
 1 file changed, 2 insertions(+), 1 deletion(-)
 tests:  2|2
total_score: 20/70
8a8220e
Mon 08 May 2023 12:03:36 AM UTC: 
 heap.c | 15 +++++++++++++++
 1 file changed, 15 insertions(+)
In file included from test.c:4:
heap.c: In function ‘heap_push’:
heap.c:41:7: error: unused variable ‘aux’ [-Werror=unused-variable]
   41 |   int aux = pq-> size++;
      |       ^~~
heap.c:39:12: error: unused variable ‘nuevoElem’ [-Werror=unused-variable]
   39 |   heapElem nuevoElem = {data, priority};
      |            ^~~~~~~~~
cc1: all warnings being treated as errors
Compilation failed
7cfd922
Mon 08 May 2023 12:08:14 AM UTC: 
 heap.c | 3 +++
 1 file changed, 3 insertions(+)
In file included from test.c:4:
heap.c: In function ‘heap_push’:
heap.c:42:17: error: invalid operands to binary && (have ‘int’ and ‘heapElem’ {aka ‘struct nodo’})
   42 |   for ( aux > 0 && pq->heapArray[(aux-aux)/2]).priority < nuevoElem->priority; aux = (aux-aux)/2)
      |         ~~~~~~~ ^~ ~~~~~~~~~~~~~~~~~~~~~~~~~~
      |             |                   |
      |             int                 heapElem {aka struct nodo}
heap.c:42:46: error: expected ‘;’ before ‘)’ token
   42 |   for ( aux > 0 && pq->heapArray[(aux-aux)/2]).priority < nuevoElem->priority; aux = (aux-aux)/2)
      |                                              ^
      |                                              ;
heap.c:42:46: error: expected expression before ‘)’ token
heap.c:42:47: error: expected expression before ‘.’ token
   42 |   for ( aux > 0 && pq->heapArray[(aux-aux)/2]).priority < nuevoElem->priority; aux = (aux-aux)/2)
      |                                               ^
heap.c:42:3: error: this ‘for’ clause does not guard... [-Werror=misleading-indentation]
   42 |   for ( aux > 0 && pq->heapArray[(aux-aux)/2]).priority < nuevoElem->priority; aux = (aux-aux)/2)
      |   ^~~
heap.c:42:80: note: ...this statement, but the latter is misleadingly indented as if it were guarded by the ‘for’
   42 |   for ( aux > 0 && pq->heapArray[(aux-aux)/2]).priority < nuevoElem->priority; aux = (aux-aux)/2)
      |                                                                                ^~~
heap.c:42:97: error: expected ‘;’ before ‘)’ token
   42 |   for ( aux > 0 && pq->heapArray[(aux-aux)/2]).priority < nuevoElem->priority; aux = (aux-aux)/2)
      |                                                                                                 ^
      |                                                                                                 ;
heap.c:42:97: error: expected statement before ‘)’ token
heap.c:39:12: error: unused variable ‘nuevoElem’ [-Werror=unused-variable]
   39 |   heapElem nuevoElem = {data, priority};
      |            ^~~~~~~~~
cc1: all warnings being treated as errors
Compilation failed
fc57810
Mon 08 May 2023 12:09:49 AM UTC: 
 heap.c | 9 ++++-----
 1 file changed, 4 insertions(+), 5 deletions(-)
In file included from test.c:4:
heap.c: In function ‘heap_push’:
heap.c:42:17: error: statement with no effect [-Werror=unused-value]
   42 |   for ( aux > 0 && pq->heapArray[(aux-aux)/2].prioridad < nuevoElem.prioridad; aux = (aux-aux)/2{}
      |         ~~~~~~~~^~~~~~~~~~~~~~~~~~~~~~~~~~~~~~~~~~~~~~~~~~~~~~~~~~~~~~~~~~~~~
heap.c:42:80: error: suggest parentheses around assignment used as truth value [-Werror=parentheses]
   42 |   for ( aux > 0 && pq->heapArray[(aux-aux)/2].prioridad < nuevoElem.prioridad; aux = (aux-aux)/2{}
      |                                                                                ^~~
heap.c:42:97: error: expected ‘;’ before ‘{’ token
   42 |   for ( aux > 0 && pq->heapArray[(aux-aux)/2].prioridad < nuevoElem.prioridad; aux = (aux-aux)/2{}
      |                                                                                                 ^
      |                                                                                                 ;
heap.c:52:1: error: expected expression before ‘}’ token
   52 | }
      | ^
heap.c:52:1: error: expected expression before ‘}’ token
test.c: In function ‘view_array’:
test.c:59:38: error: ‘heapElem’ {aka ‘struct nodo’} has no member named ‘priority’; did you mean ‘prioridad’?
   59 |         printf("%d ",h->heapArray[i].priority);
      |                                      ^~~~~~~~
      |                                      prioridad
test.c: In function ‘initialize_heap’:
test.c:69:24: error: ‘heapElem’ {aka ‘struct nodo’} has no member named ‘priority’; did you mean ‘prioridad’?
   69 |     heap->heapArray[0].priority=11;
      |                        ^~~~~~~~
      |                        prioridad
test.c:70:24: error: ‘heapElem’ {aka ‘struct nodo’} has no member named ‘priority’; did you mean ‘prioridad’?
   70 |     heap->heapArray[1].priority=5;
      |                        ^~~~~~~~
      |                        prioridad
test.c:71:24: error: ‘heapElem’ {aka ‘struct nodo’} has no member named ‘priority’; did you mean ‘prioridad’?
   71 |     heap->heapArray[2].priority=8;
      |                        ^~~~~~~~
      |                        prioridad
test.c:72:24: error: ‘heapElem’ {aka ‘struct nodo’} has no member named ‘priority’; did you mean ‘prioridad’?
   72 |     heap->heapArray[3].priority=3;
      |                        ^~~~~~~~
      |                        prioridad
test.c:73:24: error: ‘heapElem’ {aka ‘struct nodo’} has no member named ‘priority’; did you mean ‘prioridad’?
   73 |     heap->heapArray[4].priority=4;
      |                        ^~~~~~~~
      |                        prioridad
test.c:75:68: error: ‘heapElem’ {aka ‘struct nodo’} has no member named ‘priority’; did you mean ‘prioridad’?
   75 |     for(i=0;i<4;i++) heap->heapArray[i].data = &heap->heapArray[i].priority;
      |                                                                    ^~~~~~~~
      |                                                                    prioridad
test.c: In function ‘test_create’:
test.c:103:25: error: ‘heapElem’ {aka ‘struct nodo’} has no member named ‘priority’; did you mean ‘prioridad’?
  103 |         h->heapArray[i].priority=1;
      |                         ^~~~~~~~
      |                         prioridad
test.c: In function ‘test_push’:
test.c:152:24: error: ‘heapElem’ {aka ‘struct nodo’} has no member named ‘priority’; did you mean ‘prioridad’?
  152 |     if(h->heapArray[5].priority!=7){
      |                        ^~~~~~~~
      |                        prioridad
test.c:175:24: error: ‘heapElem’ {aka ‘struct nodo’} has no member named ‘priority’; did you mean ‘prioridad’?
  175 |     if(h->heapArray[2].priority!=10 || h->heapArray[5].priority!=8){
      |                        ^~~~~~~~
      |                        prioridad
test.c:175:56: error: ‘heapElem’ {aka ‘struct nodo’} has no member named ‘priority’; did you mean ‘prioridad’?
  175 |     if(h->heapArray[2].priority!=10 || h->heapArray[5].priority!=8){
      |                                                        ^~~~~~~~
      |                                                        prioridad
test.c:187:24: error: ‘heapElem’ {aka ‘struct nodo’} has no member named ‘priority’; did you mean ‘prioridad’?
  187 |     if(h->heapArray[0].priority!=15 || h->heapArray[2].priority!=11 || h->heapArray[5].priority!=8){
      |                        ^~~~~~~~
      |                        prioridad
test.c:187:56: error: ‘heapElem’ {aka ‘struct nodo’} has no member named ‘priority’; did you mean ‘prioridad’?
  187 |     if(h->heapArray[0].priority!=15 || h->heapArray[2].priority!=11 || h->heapArray[5].priority!=8){
      |                                                        ^~~~~~~~
      |                                                        prioridad
test.c:187:88: error: ‘heapElem’ {aka ‘struct nodo’} has no member named ‘priority’; did you mean ‘prioridad’?
  187 |     if(h->heapArray[0].priority!=15 || h->heapArray[2].priority!=11 || h->heapArray[5].priority!=8){
      |                                                                                        ^~~~~~~~
      |                                                                                        prioridad
test.c:207:24: error: ‘heapElem’ {aka ‘struct nodo’} has no member named ‘priority’; did you mean ‘prioridad’?
  207 |     if(h->heapArray[0].priority!=20 || h->heapArray[1].priority!=15 || h->heapArray[3].priority!=5 || h->heapArray[7].priority!=3){
      |                        ^~~~~~~~
      |                        prioridad
test.c:207:56: error: ‘heapElem’ {aka ‘struct nodo’} has no member named ‘priority’; did you mean ‘prioridad’?
  207 |     if(h->heapArray[0].priority!=20 || h->heapArray[1].priority!=15 || h->heapArray[3].priority!=5 || h->heapArray[7].priority!=3){
      |                                                        ^~~~~~~~
      |                                                        prioridad
test.c:207:88: error: ‘heapElem’ {aka ‘struct nodo’} has no member named ‘priority’; did you mean ‘prioridad’?
  207 |     if(h->heapArray[0].priority!=20 || h->heapArray[1].priority!=15 || h->heapArray[3].priority!=5 || h->heapArray[7].priority!=3){
      |                                                                                        ^~~~~~~~
      |                                                                                        prioridad
test.c:207:119: error: ‘heapElem’ {aka ‘struct nodo’} has no member named ‘priority’; did you mean ‘prioridad’?
  207 |     if(h->heapArray[0].priority!=20 || h->heapArray[1].priority!=15 || h->heapArray[3].priority!=5 || h->heapArray[7].priority!=3){
      |                                                                                                                       ^~~~~~~~
      |                                                                                                                       prioridad
test.c: In function ‘test_pop’:
test.c:228:24: error: ‘heapElem’ {aka ‘struct nodo’} has no member named ‘priority’; did you mean ‘prioridad’?
  228 |     if(h->heapArray[0].priority!=8){
      |                        ^~~~~~~~
      |                        prioridad
test.c:241:24: error: ‘heapElem’ {aka ‘struct nodo’} has no member named ‘priority’; did you mean ‘prioridad’?
  241 |     if(h->heapArray[0].priority!=5){
      |                        ^~~~~~~~
      |                        prioridad
test.c:250:24: error: ‘heapElem’ {aka ‘struct nodo’} has no member named ‘priority’; did you mean ‘prioridad’?
  250 |     if(h->heapArray[0].priority!=4){
      |                        ^~~~~~~~
      |                        prioridad
test.c:258:24: error: ‘heapElem’ {aka ‘struct nodo’} has no member named ‘priority’; did you mean ‘prioridad’?
  258 |     if(h->heapArray[0].priority!=3){
      |                        ^~~~~~~~
      |                        prioridad
cc1: all warnings being treated as errors
Compilation failed
2094f63
Mon 08 May 2023 12:10:09 AM UTC: 
 heap.c | 8 ++++----
 1 file changed, 4 insertions(+), 4 deletions(-)
In file included from test.c:4:
heap.c: In function ‘heap_push’:
heap.c:42:17: error: statement with no effect [-Werror=unused-value]
   42 |   for ( aux > 0 && pq->heapArray[(aux-aux)/2].priority < nuevoElem.priority; aux = (aux-aux)/2{}
      |         ~~~~~~~~^~~~~~~~~~~~~~~~~~~~~~~~~~~~~~~~~~~~~~~~~~~~~~~~~~~~~~~~~~~
heap.c:42:78: error: suggest parentheses around assignment used as truth value [-Werror=parentheses]
   42 |   for ( aux > 0 && pq->heapArray[(aux-aux)/2].priority < nuevoElem.priority; aux = (aux-aux)/2{}
      |                                                                              ^~~
heap.c:42:95: error: expected ‘;’ before ‘{’ token
   42 |   for ( aux > 0 && pq->heapArray[(aux-aux)/2].priority < nuevoElem.priority; aux = (aux-aux)/2{}
      |                                                                                               ^
      |                                                                                               ;
heap.c:52:1: error: expected expression before ‘}’ token
   52 | }
      | ^
heap.c:52:1: error: expected expression before ‘}’ token
cc1: all warnings being treated as errors
Compilation failed
edb3acf
Mon 08 May 2023 12:12:57 AM UTC: 
 heap.c | 11 ++++++-----
 1 file changed, 6 insertions(+), 5 deletions(-)
 tests:  5|2
total_score: 35/70
e08d067
Mon 08 May 2023 12:13:49 AM UTC: 
 heap.c | 1 +
 1 file changed, 1 insertion(+)
 tests:  7|1
total_score: 45/70
e320b84
Mon 08 May 2023 12:44:16 AM UTC: 
 heap.c | 3 ++-
 1 file changed, 2 insertions(+), 1 deletion(-)
 tests:  7|1
total_score: 45/70
91f440d
Mon 08 May 2023 12:55:04 AM UTC: 
 heap.c | 10 +++++++++-
 1 file changed, 9 insertions(+), 1 deletion(-)
 tests:  7|1
total_score: 45/70
0f5266d
Mon 08 May 2023 12:57:05 AM UTC: 
 heap.c | 5 +++++
 1 file changed, 5 insertions(+)
In file included from test.c:4:
heap.c: In function ‘heap_pop’:
heap.c:61:12: error: ‘return’ with a value, in function returning void [-Werror=return-type]
   61 |     return NULL;
      |            ^~~~
heap.c:57:6: note: declared here
   57 | void heap_pop(Heap* pq)
      |      ^~~~~~~~
cc1: all warnings being treated as errors
Compilation failed
05a19f4
Mon 08 May 2023 12:57:21 AM UTC: 
 heap.c | 3 +--
 1 file changed, 1 insertion(+), 2 deletions(-)
In file included from test.c:4:
heap.c: In function ‘heap_pop’:
heap.c:61:12: error: ‘return’ with a value, in function returning void [-Werror=return-type]
   61 |     return NULL;
      |            ^~~~
heap.c:57:6: note: declared here
   57 | void heap_pop(Heap* pq)
      |      ^~~~~~~~
heap.c:63:10: error: ‘return’ with a value, in function returning void [-Werror=return-type]
   63 |   return NULL;
      |          ^~~~
heap.c:57:6: note: declared here
   57 | void heap_pop(Heap* pq)
      |      ^~~~~~~~
cc1: all warnings being treated as errors
Compilation failed
7424204
Mon 08 May 2023 01:29:27 AM UTC: 
 heap.c | 26 ++++++++++++++++++++++++++
 1 file changed, 26 insertions(+)
In file included from test.c:4:
heap.c: In function ‘heap_pop’:
heap.c:87:12: error: ‘return’ with a value, in function returning void [-Werror=return-type]
   87 |     return NULL;
      |            ^~~~
heap.c:83:6: note: declared here
   83 | void heap_pop(Heap* pq)
      |      ^~~~~~~~
heap.c:90:10: error: ‘return’ with a value, in function returning void [-Werror=return-type]
   90 |   return NULL;
      |          ^~~~
heap.c:83:6: note: declared here
   83 | void heap_pop(Heap* pq)
      |      ^~~~~~~~
cc1: all warnings being treated as errors
Compilation failed
e8bcd15
